\BOOKMARK [0][-]{chapter*.4}{List of Figures}{}% 1
\BOOKMARK [0][-]{chapter*.5}{List of Tables}{}% 2
\BOOKMARK [0][-]{chapter.1}{Introduction}{}% 3
\BOOKMARK [1][-]{section.1.1}{Project Aims}{chapter.1}% 4
\BOOKMARK [1][-]{section.1.2}{Hypotheses}{chapter.1}% 5
\BOOKMARK [2][-]{subsection.1.2.1}{Null Hypothesis}{section.1.2}% 6
\BOOKMARK [2][-]{subsection.1.2.2}{Alternative Hypothesis}{section.1.2}% 7
\BOOKMARK [1][-]{section.1.3}{Report Structure}{chapter.1}% 8
\BOOKMARK [0][-]{chapter.2}{Literature Review}{}% 9
\BOOKMARK [1][-]{section.2.1}{Cloth Simulation}{chapter.2}% 10
\BOOKMARK [2][-]{subsection.2.1.1}{Cloth Properties}{section.2.1}% 11
\BOOKMARK [3][-]{subsubsection.2.1.1.1}{Mechanical Properties}{subsection.2.1.1}% 12
\BOOKMARK [3][-]{subsubsection.2.1.1.2}{Visual Properties}{subsection.2.1.1}% 13
\BOOKMARK [2][-]{subsection.2.1.2}{Cloth Models}{section.2.1}% 14
\BOOKMARK [3][-]{subsubsection.2.1.2.1}{Geometric Models}{subsection.2.1.2}% 15
\BOOKMARK [3][-]{subsubsection.2.1.2.2}{Physically-based Models}{subsection.2.1.2}% 16
\BOOKMARK [4][-]{paragraph.2.1.2.2.1}{Continuum Models}{subsubsection.2.1.2.2}% 17
\BOOKMARK [4][-]{paragraph.2.1.2.2.2}{Discrete Models}{subsubsection.2.1.2.2}% 18
\BOOKMARK [2][-]{subsection.2.1.3}{Mass-Spring Models}{section.2.1}% 19
\BOOKMARK [3][-]{subsubsection.2.1.3.1}{Provot Model}{subsection.2.1.3}% 20
\BOOKMARK [3][-]{subsubsection.2.1.3.2}{Choi Ko Model}{subsection.2.1.3}% 21
\BOOKMARK [3][-]{subsubsection.2.1.3.3}{Justification of Choice}{subsection.2.1.3}% 22
\BOOKMARK [2][-]{subsection.2.1.4}{Numerical Integration for Mass-Spring Models}{section.2.1}% 23
\BOOKMARK [3][-]{subsubsection.2.1.4.1}{Explicit Integrators}{subsection.2.1.4}% 24
\BOOKMARK [4][-]{paragraph.2.1.4.1.1}{Euler}{subsubsection.2.1.4.1}% 25
\BOOKMARK [4][-]{paragraph.2.1.4.1.2}{Midpoint}{subsubsection.2.1.4.1}% 26
\BOOKMARK [4][-]{paragraph.2.1.4.1.3}{Fourth order Runge-Kutta}{subsubsection.2.1.4.1}% 27
\BOOKMARK [4][-]{paragraph.2.1.4.1.4}{Verlet}{subsubsection.2.1.4.1}% 28
\BOOKMARK [3][-]{subsubsection.2.1.4.2}{Implicit Integrators}{subsection.2.1.4}% 29
\BOOKMARK [4][-]{paragraph.2.1.4.2.1}{Euler}{subsubsection.2.1.4.2}% 30
\BOOKMARK [3][-]{subsubsection.2.1.4.3}{Chosen Integration Methods}{subsection.2.1.4}% 31
\BOOKMARK [0][-]{chapter.3}{Design and Implementation}{}% 32
\BOOKMARK [1][-]{section.3.1}{Development Methodology}{chapter.3}% 33
\BOOKMARK [2][-]{subsection.3.1.1}{Development}{section.3.1}% 34
\BOOKMARK [3][-]{subsubsection.3.1.1.1}{First Cycle}{subsection.3.1.1}% 35
\BOOKMARK [3][-]{subsubsection.3.1.1.2}{Second Cycle}{subsection.3.1.1}% 36
\BOOKMARK [3][-]{subsubsection.3.1.1.3}{Third Cycle}{subsection.3.1.1}% 37
\BOOKMARK [1][-]{section.3.2}{Testing Plan}{chapter.3}% 38
\BOOKMARK [2][-]{subsection.3.2.1}{Test Data}{section.3.2}% 39
\BOOKMARK [2][-]{subsection.3.2.2}{Test Parameters}{section.3.2}% 40
\BOOKMARK [1][-]{section.3.3}{System Requirements}{chapter.3}% 41
\BOOKMARK [2][-]{subsection.3.3.1}{Functional Requirements}{section.3.3}% 42
\BOOKMARK [2][-]{subsection.3.3.2}{Non-functional Requirements}{section.3.3}% 43
\BOOKMARK [1][-]{section.3.4}{Development Methodology}{chapter.3}% 44
\BOOKMARK [0][-]{appendix.A}{Class Diagrams}{}% 45
\BOOKMARK [1][-]{section.A.1}{First Cycle Design}{appendix.A}% 46
\BOOKMARK [1][-]{section.A.2}{The Arena Class Diagram}{appendix.A}% 47
